<?xml version="1.0" encoding="UTF-8"?>
<!-- Generated by org.testng.reporters.JUnitXMLReporter -->
<testsuite ignored="2" hostname="TYSS-Rakesh-B" failures="0" tests="4" name="Test" time="15.735" errors="0" timestamp="2024-11-12T15:48:45 IST">
  <testcase classname="com.testcases.DigitalDownloads" name="verify_Books_Page_Is_Displayed" time="4.014"/>
  <testcase classname="com.testcases.Books" name="verify_Books_Page_Is_Displayed" time="4.027"/>
  <testcase classname="com.testcases.DigitalDownloads" name="demo" time="4.012"/>
  <testcase classname="com.testcases.Books" name="demo" time="4.012"/>
  <testcase classname="com.pages.BasePage" name="@BeforeSuite setUpReport" time="0.0">
    <ignored/>
  </testcase> <!-- @BeforeSuite setUpReport -->
  <testcase classname="com.pages.BasePage" name="@AfterSuite tearDownReport" time="0.0">
    <ignored/>
  </testcase> <!-- @AfterSuite tearDownReport -->
</testsuite> <!-- Test -->
