<?xml version="1.0" encoding="UTF-8"?>
<testng-results ignored="2" total="6" passed="4" failed="0" skipped="0">
  <reporter-output>
  </reporter-output>
  <suite started-at="2024-11-12T16:31:39 IST" name="Suite" finished-at="2024-11-12T16:31:54 IST" duration-ms="15221">
    <groups>
    </groups>
    <test started-at="2024-11-12T16:31:39 IST" name="Test" finished-at="2024-11-12T16:31:54 IST" duration-ms="15221">
      <class name="com.testcases.Books">
        <test-method is-config="true" signature="launchBrowser(java.lang.String)[pri:0, instance:com.testcases.Books@6ae5aa72]" started-at="2024-11-12T16:31:39 IST" name="launchBrowser" finished-at="2024-11-12T16:31:45 IST" duration-ms="5806" status="PASS">
          <params>
            <param index="0">
              <value>
                <![CDATA[firefox]]>
              </value>
            </param>
          </params>
          <reporter-output>
          </reporter-output>
        </test-method> <!-- launchBrowser -->
        <test-method signature="verify_Books_Page_Is_Displayed()[pri:1, instance:com.testcases.Books@6ae5aa72]" started-at="2024-11-12T16:31:45 IST" name="verify_Books_Page_Is_Displayed" finished-at="2024-11-12T16:31:49 IST" duration-ms="4033" status="PASS">
          <reporter-output>
          </reporter-output>
        </test-method> <!-- verify_Books_Page_Is_Displayed -->
        <test-method signature="demo()[pri:2, instance:com.testcases.Books@6ae5aa72]" started-at="2024-11-12T16:31:49 IST" name="demo" finished-at="2024-11-12T16:31:53 IST" duration-ms="4025" status="PASS">
          <reporter-output>
          </reporter-output>
        </test-method> <!-- demo -->
        <test-method is-config="true" signature="closeBrowser()[pri:0, instance:com.testcases.Books@6ae5aa72]" started-at="2024-11-12T16:31:53 IST" name="closeBrowser" finished-at="2024-11-12T16:31:54 IST" duration-ms="1028" status="PASS">
          <reporter-output>
          </reporter-output>
        </test-method> <!-- closeBrowser -->
      </class> <!-- com.testcases.Books -->
      <class name="com.testcases.DigitalDownloads">
        <test-method is-config="true" signature="setUpReport()[pri:0, instance:com.testcases.DigitalDownloads@6b81ce95]" started-at="2024-11-12T16:31:38 IST" name="setUpReport" finished-at="2024-11-12T16:31:39 IST" duration-ms="209" status="PASS">
          <reporter-output>
          </reporter-output>
        </test-method> <!-- setUpReport -->
        <test-method is-config="true" signature="launchBrowser(java.lang.String)[pri:0, instance:com.testcases.DigitalDownloads@6b81ce95]" started-at="2024-11-12T16:31:39 IST" name="launchBrowser" finished-at="2024-11-12T16:31:45 IST" duration-ms="6445" status="PASS">
          <params>
            <param index="0">
              <value>
                <![CDATA[firefox]]>
              </value>
            </param>
          </params>
          <reporter-output>
          </reporter-output>
        </test-method> <!-- launchBrowser -->
        <test-method signature="verify_Books_Page_Is_Displayed()[pri:1, instance:com.testcases.DigitalDownloads@6b81ce95]" started-at="2024-11-12T16:31:45 IST" name="verify_Books_Page_Is_Displayed" finished-at="2024-11-12T16:31:49 IST" duration-ms="4022" status="PASS">
          <reporter-output>
          </reporter-output>
        </test-method> <!-- verify_Books_Page_Is_Displayed -->
        <test-method signature="demo()[pri:2, instance:com.testcases.DigitalDownloads@6b81ce95]" started-at="2024-11-12T16:31:49 IST" name="demo" finished-at="2024-11-12T16:31:53 IST" duration-ms="4019" status="PASS">
          <reporter-output>
          </reporter-output>
        </test-method> <!-- demo -->
        <test-method is-config="true" signature="closeBrowser()[pri:0, instance:com.testcases.DigitalDownloads@6b81ce95]" started-at="2024-11-12T16:31:53 IST" name="closeBrowser" finished-at="2024-11-12T16:31:54 IST" duration-ms="721" status="PASS">
          <reporter-output>
          </reporter-output>
        </test-method> <!-- closeBrowser -->
        <test-method is-config="true" signature="tearDownReport()[pri:0, instance:com.testcases.DigitalDownloads@6b81ce95]" started-at="2024-11-12T16:31:54 IST" name="tearDownReport" finished-at="2024-11-12T16:31:54 IST" duration-ms="220" status="PASS">
          <reporter-output>
          </reporter-output>
        </test-method> <!-- tearDownReport -->
      </class> <!-- com.testcases.DigitalDownloads -->
    </test> <!-- Test -->
  </suite> <!-- Suite -->
</testng-results>
