<?xml version="1.0" encoding="UTF-8"?>
<testng-results ignored="2" total="6" passed="4" failed="0" skipped="0">
  <reporter-output>
  </reporter-output>
  <suite started-at="2024-11-12T15:48:30 IST" name="Suite" finished-at="2024-11-12T15:48:45 IST" duration-ms="15735">
    <groups>
    </groups>
    <test started-at="2024-11-12T15:48:30 IST" name="Test" finished-at="2024-11-12T15:48:45 IST" duration-ms="15735">
      <class name="com.testcases.Books">
        <test-method is-config="true" signature="launchBrowser(java.lang.String)[pri:0, instance:com.testcases.Books@7f3b84b8]" started-at="2024-11-12T15:48:30 IST" name="launchBrowser" finished-at="2024-11-12T15:48:36 IST" duration-ms="6781" status="PASS">
          <params>
            <param index="0">
              <value>
                <![CDATA[firefox]]>
              </value>
            </param>
          </params>
          <reporter-output>
          </reporter-output>
        </test-method> <!-- launchBrowser -->
        <test-method signature="verify_Books_Page_Is_Displayed()[pri:1, instance:com.testcases.Books@7f3b84b8]" started-at="2024-11-12T15:48:36 IST" name="verify_Books_Page_Is_Displayed" finished-at="2024-11-12T15:48:40 IST" duration-ms="4027" status="PASS">
          <reporter-output>
          </reporter-output>
        </test-method> <!-- verify_Books_Page_Is_Displayed -->
        <test-method signature="demo()[pri:2, instance:com.testcases.Books@7f3b84b8]" started-at="2024-11-12T15:48:40 IST" name="demo" finished-at="2024-11-12T15:48:45 IST" duration-ms="4012" status="PASS">
          <reporter-output>
          </reporter-output>
        </test-method> <!-- demo -->
        <test-method is-config="true" signature="closeBrowser()[pri:0, instance:com.testcases.Books@7f3b84b8]" started-at="2024-11-12T15:48:45 IST" name="closeBrowser" finished-at="2024-11-12T15:48:45 IST" duration-ms="889" status="PASS">
          <reporter-output>
          </reporter-output>
        </test-method> <!-- closeBrowser -->
      </class> <!-- com.testcases.Books -->
      <class name="com.testcases.DigitalDownloads">
        <test-method is-config="true" signature="setUpReport()[pri:0, instance:com.testcases.DigitalDownloads@223d2c72]" started-at="2024-11-12T15:48:29 IST" name="setUpReport" finished-at="2024-11-12T15:48:30 IST" duration-ms="170" status="PASS">
          <reporter-output>
          </reporter-output>
        </test-method> <!-- setUpReport -->
        <test-method is-config="true" signature="launchBrowser(java.lang.String)[pri:0, instance:com.testcases.DigitalDownloads@223d2c72]" started-at="2024-11-12T15:48:30 IST" name="launchBrowser" finished-at="2024-11-12T15:48:36 IST" duration-ms="6804" status="PASS">
          <params>
            <param index="0">
              <value>
                <![CDATA[firefox]]>
              </value>
            </param>
          </params>
          <reporter-output>
          </reporter-output>
        </test-method> <!-- launchBrowser -->
        <test-method signature="verify_Books_Page_Is_Displayed()[pri:1, instance:com.testcases.DigitalDownloads@223d2c72]" started-at="2024-11-12T15:48:36 IST" name="verify_Books_Page_Is_Displayed" finished-at="2024-11-12T15:48:40 IST" duration-ms="4014" status="PASS">
          <reporter-output>
          </reporter-output>
        </test-method> <!-- verify_Books_Page_Is_Displayed -->
        <test-method signature="demo()[pri:2, instance:com.testcases.DigitalDownloads@223d2c72]" started-at="2024-11-12T15:48:40 IST" name="demo" finished-at="2024-11-12T15:48:45 IST" duration-ms="4012" status="PASS">
          <reporter-output>
          </reporter-output>
        </test-method> <!-- demo -->
        <test-method is-config="true" signature="closeBrowser()[pri:0, instance:com.testcases.DigitalDownloads@223d2c72]" started-at="2024-11-12T15:48:45 IST" name="closeBrowser" finished-at="2024-11-12T15:48:45 IST" duration-ms="889" status="PASS">
          <reporter-output>
          </reporter-output>
        </test-method> <!-- closeBrowser -->
        <test-method is-config="true" signature="tearDownReport()[pri:0, instance:com.testcases.DigitalDownloads@223d2c72]" started-at="2024-11-12T15:48:45 IST" name="tearDownReport" finished-at="2024-11-12T15:48:46 IST" duration-ms="464" status="PASS">
          <reporter-output>
          </reporter-output>
        </test-method> <!-- tearDownReport -->
      </class> <!-- com.testcases.DigitalDownloads -->
    </test> <!-- Test -->
  </suite> <!-- Suite -->
</testng-results>
